(node:3683) ExperimentalWarning: The http2 module is an experimental API.
(node:3683) DeprecationWarning: TextChannel#sendMessage: use TextChannel#send instead
(node:19748) ExperimentalWarning: The http2 module is an experimental API.
(node:19748) DeprecationWarning: TextChannel#sendMessage: use TextChannel#send instead
(node:3743) ExperimentalWarning: The http2 module is an experimental API.
events.js:183
      throw er; // Unhandled 'error' event
      ^

Error: getaddrinfo EAI_AGAIN gateway.discord.gg:443
    at Object._errnoException (util.js:1024:11)
    at errnoException (dns.js:55:15)
    at GetAddrInfoReqWrap.onlookup [as oncomplete] (dns.js:92:26)
(node:11815) ExperimentalWarning: The http2 module is an experimental API.
(node:14806) ExperimentalWarning: The http2 module is an experimental API.
(node:4476) ExperimentalWarning: The http2 module is an experimental API.
events.js:183
      throw er; // Unhandled 'error' event
      ^

Error: getaddrinfo EAI_AGAIN gateway.discord.gg:443
    at Object._errnoException (util.js:1024:11)
    at errnoException (dns.js:55:15)
    at GetAddrInfoReqWrap.onlookup [as oncomplete] (dns.js:92:26)
(node:3696) ExperimentalWarning: The http2 module is an experimental API.
(node:3748) ExperimentalWarning: The http2 module is an experimental API.
